[2021-08-22T14:39:58.229] [DEBUG] cheese - login => username:zs,password:123456
[2021-08-22T14:39:58.231] [DEBUG] cheese - zs
[2021-08-22T14:39:58.243] [DEBUG] cheese - null
[2021-08-22T14:39:58.244] [DEBUG] cheese - null
[2021-08-22T14:41:32.219] [DEBUG] cheese - login => username:admin,password:123456
[2021-08-22T14:41:32.219] [DEBUG] cheese - admin
[2021-08-22T14:41:32.226] [DEBUG] cheese - null
[2021-08-22T14:41:32.227] [DEBUG] cheese - null
[2021-08-22T18:25:14.803] [DEBUG] cheese - login => username:admin,password:123456
[2021-08-22T18:25:14.804] [DEBUG] cheese - admin
[2021-08-22T18:25:14.809] [DEBUG] cheese - null
[2021-08-22T18:25:14.809] [DEBUG] cheese - null
[2021-08-23T13:56:44.194] [DEBUG] cheese - login => username:123123,password:12312321
[2021-08-23T13:56:44.197] [DEBUG] cheese - 123123
[2021-08-23T13:56:44.215] [DEBUG] cheese - null
[2021-08-23T13:56:44.216] [DEBUG] cheese - null
[2021-08-23T13:56:47.289] [DEBUG] cheese - login => username:123123,password:12312321
[2021-08-23T13:56:47.290] [DEBUG] cheese - 123123
[2021-08-23T13:56:47.292] [DEBUG] cheese - null
[2021-08-23T13:56:47.292] [DEBUG] cheese - null
[2021-08-23T13:57:02.387] [DEBUG] cheese - login => username:213123,password:123123
[2021-08-23T13:57:02.388] [DEBUG] cheese - 213123
[2021-08-23T13:57:02.390] [DEBUG] cheese - null
[2021-08-23T13:57:02.390] [DEBUG] cheese - null
[2021-08-23T13:57:32.612] [DEBUG] cheese - login => username:dadassa,password:asdasdsa
[2021-08-23T13:57:32.612] [DEBUG] cheese - dadassa
[2021-08-23T13:57:32.614] [DEBUG] cheese - null
[2021-08-23T13:57:32.614] [DEBUG] cheese - null
[2021-08-23T13:57:47.800] [DEBUG] cheese - login => username:dasdasdas,password:asdadasd
[2021-08-23T13:57:47.800] [DEBUG] cheese - dasdasdas
[2021-08-23T13:57:47.806] [DEBUG] cheese - null
[2021-08-23T13:57:47.806] [DEBUG] cheese - null
[2021-08-23T13:58:10.336] [DEBUG] cheese - login => username:asdasdas,password:dasdasdas
[2021-08-23T13:58:10.336] [DEBUG] cheese - asdasdas
[2021-08-23T13:58:10.338] [DEBUG] cheese - null
[2021-08-23T13:58:10.339] [DEBUG] cheese - null
[2021-08-23T13:58:22.861] [DEBUG] cheese - login => username:dasdas,password:dasdsa
[2021-08-23T13:58:22.862] [DEBUG] cheese - dasdas
[2021-08-23T13:58:22.864] [DEBUG] cheese - null
[2021-08-23T13:58:22.864] [DEBUG] cheese - null
[2021-08-23T14:09:58.165] [DEBUG] cheese - login => username:asdasasd,password:asdasasdas
[2021-08-23T14:09:58.165] [DEBUG] cheese - asdasasd
[2021-08-23T14:09:58.168] [DEBUG] cheese - null
[2021-08-23T14:09:58.168] [DEBUG] cheese - null
[2021-08-23T14:09:59.565] [DEBUG] cheese - login => username:asdasasd,password:asdasasdas
[2021-08-23T14:09:59.566] [DEBUG] cheese - asdasasd
[2021-08-23T14:09:59.569] [DEBUG] cheese - null
[2021-08-23T14:09:59.569] [DEBUG] cheese - null
[2021-08-23T14:10:06.327] [DEBUG] cheese - login => username:dasdasdsa,password:dsadasdsadsa
[2021-08-23T14:10:06.327] [DEBUG] cheese - dasdasdsa
[2021-08-23T14:10:06.329] [DEBUG] cheese - null
[2021-08-23T14:10:06.329] [DEBUG] cheese - null
[2021-08-23T14:10:24.379] [DEBUG] cheese - login => username:dasdasd,password:asdasdsa
[2021-08-23T14:10:24.379] [DEBUG] cheese - dasdasd
[2021-08-23T14:10:24.381] [DEBUG] cheese - null
[2021-08-23T14:10:24.381] [DEBUG] cheese - null
[2021-08-23T14:10:42.371] [DEBUG] cheese - login => username:dasdasd,password:asdasdasd
[2021-08-23T14:10:42.372] [DEBUG] cheese - dasdasd
[2021-08-23T14:10:42.374] [DEBUG] cheese - null
[2021-08-23T14:10:42.374] [DEBUG] cheese - null
[2021-08-23T14:11:38.576] [DEBUG] cheese - login => username:dsadasdsa,password:dasdasdsa
[2021-08-23T14:11:38.576] [DEBUG] cheese - dsadasdsa
[2021-08-23T14:11:38.581] [DEBUG] cheese - null
[2021-08-23T14:11:38.581] [DEBUG] cheese - null
[2021-08-23T14:12:07.846] [DEBUG] cheese - login => username:dasdasdsa,password:dasdasdasd
[2021-08-23T14:12:07.846] [DEBUG] cheese - dasdasdsa
[2021-08-23T14:12:07.850] [DEBUG] cheese - null
[2021-08-23T14:12:07.851] [DEBUG] cheese - null
[2021-08-23T15:42:05.991] [DEBUG] cheese - login => username:wzasdasd,password:asdasdas
[2021-08-23T15:42:05.991] [DEBUG] cheese - wzasdasd
[2021-08-23T15:42:05.994] [DEBUG] cheese - null
[2021-08-23T15:42:05.994] [DEBUG] cheese - null
[2021-08-23T15:44:16.926] [DEBUG] cheese - login => username:dsadas,password:asdasd
[2021-08-23T15:44:16.926] [DEBUG] cheese - dsadas
[2021-08-23T15:44:16.928] [DEBUG] cheese - null
[2021-08-23T15:44:16.928] [DEBUG] cheese - null
[2021-08-23T15:44:38.753] [DEBUG] cheese - login => username:admin,password:123456
[2021-08-23T15:44:38.753] [DEBUG] cheese - admin
[2021-08-23T15:44:38.760] [DEBUG] cheese - null
[2021-08-23T15:44:38.760] [DEBUG] cheese - null
[2021-08-23T15:49:43.916] [DEBUG] cheese - login => username:asdasd,password:asdasda
[2021-08-23T15:49:43.916] [DEBUG] cheese - asdasd
[2021-08-23T15:49:43.918] [DEBUG] cheese - null
[2021-08-23T15:49:43.918] [DEBUG] cheese - null
[2021-08-23T15:50:05.873] [DEBUG] cheese - login => username:asdasd,password:asdasdas
[2021-08-23T15:50:05.874] [DEBUG] cheese - asdasd
[2021-08-23T15:50:05.876] [DEBUG] cheese - null
[2021-08-23T15:50:05.876] [DEBUG] cheese - null
[2021-08-23T15:50:12.199] [DEBUG] cheese - login => username:admin,password:123456
[2021-08-23T15:50:12.199] [DEBUG] cheese - admin
[2021-08-23T15:50:12.202] [DEBUG] cheese - null
[2021-08-23T15:50:12.202] [DEBUG] cheese - null
[2021-08-23T15:59:36.326] [DEBUG] cheese - login => username:admin,password:123456
[2021-08-23T15:59:36.326] [DEBUG] cheese - admin
[2021-08-23T15:59:36.329] [DEBUG] cheese - null
[2021-08-23T15:59:36.329] [DEBUG] cheese - null
[2021-08-23T16:00:22.352] [DEBUG] cheese - login => username:admin,password:123456
[2021-08-23T16:00:22.352] [DEBUG] cheese - admin
[2021-08-23T16:00:22.354] [DEBUG] cheese - null
[2021-08-23T16:00:22.354] [DEBUG] cheese - null
[2021-08-23T16:04:23.810] [DEBUG] cheese - login => username:admin,password:123456
[2021-08-23T16:04:23.810] [DEBUG] cheese - admin
[2021-08-23T16:04:23.813] [DEBUG] cheese - null
[2021-08-23T16:04:23.813] [DEBUG] cheese - null
[2021-08-23T16:05:01.225] [DEBUG] cheese - login => username:admin,password:123456
[2021-08-23T16:05:01.225] [DEBUG] cheese - admin
[2021-08-23T16:05:01.228] [DEBUG] cheese - null
[2021-08-23T16:05:01.228] [DEBUG] cheese - null
[2021-08-23T16:09:34.901] [DEBUG] cheese - login => username:admin,password:123456
[2021-08-23T16:09:34.901] [DEBUG] cheese - admin
[2021-08-23T16:09:34.904] [DEBUG] cheese - null
[2021-08-23T16:09:34.904] [DEBUG] cheese - null
[2021-08-23T16:23:20.217] [DEBUG] cheese - login => username:admin,password:123456
[2021-08-23T16:23:20.217] [DEBUG] cheese - admin
[2021-08-23T16:23:20.221] [DEBUG] cheese - null
[2021-08-23T16:23:20.221] [DEBUG] cheese - null
[2021-08-23T16:31:05.420] [DEBUG] cheese - login => username:admin,password:123456
[2021-08-23T16:31:05.420] [DEBUG] cheese - admin
[2021-08-23T16:31:05.423] [DEBUG] cheese - null
[2021-08-23T16:31:05.423] [DEBUG] cheese - null
[2021-08-23T16:31:17.285] [DEBUG] cheese - login => username:admin,password:123456
[2021-08-23T16:31:17.286] [DEBUG] cheese - admin
[2021-08-23T16:31:17.290] [DEBUG] cheese - null
[2021-08-23T16:31:17.290] [DEBUG] cheese - null
[2021-08-23T18:25:07.045] [DEBUG] cheese - login => username:admin,password:123456
[2021-08-23T18:25:07.075] [DEBUG] cheese - admin
[2021-08-23T18:25:07.094] [DEBUG] cheese - null
[2021-08-23T18:25:07.095] [DEBUG] cheese - null
[2021-08-23T18:27:13.858] [DEBUG] cheese - login => username:admin,password:123456
[2021-08-23T18:27:13.859] [DEBUG] cheese - admin
[2021-08-23T18:27:13.878] [DEBUG] cheese - null
[2021-08-23T18:27:13.878] [DEBUG] cheese - null
[2021-08-23T20:20:00.563] [DEBUG] cheese - login => username:admin,password:123456
[2021-08-23T20:20:00.563] [DEBUG] cheese - admin
[2021-08-23T20:20:00.570] [DEBUG] cheese - null
[2021-08-23T20:20:00.570] [DEBUG] cheese - null
[2021-08-23T20:21:39.177] [DEBUG] cheese - login => username:admin,password:123456
[2021-08-23T20:21:39.177] [DEBUG] cheese - admin
[2021-08-23T20:21:39.180] [DEBUG] cheese - null
[2021-08-23T20:21:39.180] [DEBUG] cheese - null
[2021-08-23T20:21:54.240] [DEBUG] cheese - login => username:admin,password:123456
[2021-08-23T20:21:54.240] [DEBUG] cheese - admin
[2021-08-23T20:21:54.245] [DEBUG] cheese - null
[2021-08-23T20:21:54.245] [DEBUG] cheese - null
[2021-08-23T20:40:45.674] [DEBUG] cheese - login => username:admin,password:123456
[2021-08-23T20:40:45.674] [DEBUG] cheese - admin
[2021-08-23T20:40:45.678] [DEBUG] cheese - null
[2021-08-23T20:40:45.678] [DEBUG] cheese - null
[2021-08-23T20:44:55.295] [DEBUG] cheese - login => username:admin,password:123456
[2021-08-23T20:44:55.295] [DEBUG] cheese - admin
[2021-08-23T20:44:55.297] [DEBUG] cheese - null
[2021-08-23T20:44:55.297] [DEBUG] cheese - null
[2021-08-23T20:45:35.476] [DEBUG] cheese - login => username:admin,password:123456
[2021-08-23T20:45:35.476] [DEBUG] cheese - admin
[2021-08-23T20:45:35.479] [DEBUG] cheese - null
[2021-08-23T20:45:35.480] [DEBUG] cheese - null
[2021-08-23T21:33:48.636] [DEBUG] cheese - login => username:admin,password:123456
[2021-08-23T21:33:48.637] [DEBUG] cheese - admin
[2021-08-23T21:33:48.642] [DEBUG] cheese - null
[2021-08-23T21:33:48.642] [DEBUG] cheese - null
[2021-08-24T14:59:05.763] [DEBUG] cheese - login => username:admin,password:123456
[2021-08-24T14:59:05.765] [DEBUG] cheese - admin
[2021-08-24T14:59:05.783] [DEBUG] cheese - null
[2021-08-24T14:59:05.784] [DEBUG] cheese - null
[2021-08-24T15:03:16.389] [DEBUG] cheese - login => username:admin,password:123456
[2021-08-24T15:03:16.390] [DEBUG] cheese - admin
[2021-08-24T15:03:16.394] [DEBUG] cheese - null
[2021-08-24T15:03:16.395] [DEBUG] cheese - null
[2021-08-24T15:10:16.946] [DEBUG] cheese - login => username:admin,password:123456
[2021-08-24T15:10:16.947] [DEBUG] cheese - admin
[2021-08-24T15:10:16.950] [DEBUG] cheese - null
[2021-08-24T15:10:16.950] [DEBUG] cheese - null
[2021-08-24T15:47:06.247] [DEBUG] cheese - login => username:admin,password:123456
[2021-08-24T15:47:06.247] [DEBUG] cheese - admin
[2021-08-24T15:47:06.252] [DEBUG] cheese - null
[2021-08-24T15:47:06.252] [DEBUG] cheese - null
[2021-08-24T17:29:55.446] [DEBUG] cheese - login => username:admin,password:123456
[2021-08-24T17:29:55.447] [DEBUG] cheese - admin
[2021-08-24T17:29:55.452] [DEBUG] cheese - null
[2021-08-24T17:29:55.452] [DEBUG] cheese - null
[2021-08-24T19:59:46.188] [DEBUG] cheese - login => username:admin,password:123456
[2021-08-24T19:59:46.188] [DEBUG] cheese - admin
[2021-08-24T19:59:46.190] [DEBUG] cheese - null
[2021-08-24T19:59:46.190] [DEBUG] cheese - null
[2021-08-24T20:00:29.196] [DEBUG] cheese - login => username:admin,password:123456
[2021-08-24T20:00:29.196] [DEBUG] cheese - admin
[2021-08-24T20:00:29.198] [DEBUG] cheese - null
[2021-08-24T20:00:29.199] [DEBUG] cheese - null
